<?xml version="1.0" encoding="UTF-8"?>
<!-- Generated by org.testng.reporters.JUnitXMLReporter -->
<testsuite ignored="0" hostname="Dharini" failures="0" tests="3" name="Default test" time="5.982" errors="0" timestamp="2023-07-03T20:31:26 EDT">
  <testcase classname="srinivasTestng.TestAnnotationWithSel" name="launchBrowser" time="2.368"/>
  <testcase classname="srinivasTestng.TestAnnotationWithSel" name="searchDress" time="3.481"/>
  <testcase classname="srinivasTestng.TestAnnotationWithSel" name="closeBrowser" time="0.108"/>
</testsuite> <!-- Default test -->
