<?xml version="1.0" encoding="UTF-8"?>
<!-- Generated by org.testng.reporters.JUnitXMLReporter -->
<testsuite ignored="0" hostname="Dharini" failures="0" tests="3" name="My TestNG test2" time="6.239" errors="0" timestamp="2023-06-29T22:55:51 EDT">
  <testcase classname="srinivasTestng.TestAnnotationWithSel" name="launchBrowser" time="2.432"/>
  <testcase classname="srinivasTestng.TestAnnotationWithSel" name="searchDress" time="3.7"/>
  <testcase classname="srinivasTestng.TestAnnotationWithSel" name="closeBrowser" time="0.105"/>
</testsuite> <!-- My TestNG test2 -->
