<?xml version="1.0" encoding="UTF-8"?>
<!-- Generated by org.testng.reporters.JUnitXMLReporter -->
<testsuite ignored="0" hostname="Dharini" failures="0" tests="10" name="My TestNG test" time="0.056" errors="0" timestamp="2023-06-29T22:55:45 EDT">
  <testcase classname="srinivasTestng.BeforeAndAfterAnnotation" name="launchBrowser" time="0.005"/>
  <testcase classname="srinivasTestng.BeforeAndAfterAnnotation" name="search" time="0.001"/>
  <testcase classname="srinivasTestng.BeforeAndAfterAnnotation" name="addToCart" time="0.0"/>
  <testcase classname="srinivasTestng.BeforeAndAfterAnnotation" name="purchase" time="0.001"/>
  <testcase classname="srinivasTestng.BeforeAndAfterAnnotation" name="closeBrowser" time="0.001"/>
  <testcase classname="srinivasTestng.DependentMethods" name="launchBrowser" time="0.001"/>
  <testcase classname="srinivasTestng.DependentMethods" name="search" time="0.0"/>
  <testcase classname="srinivasTestng.DependentMethods" name="addToCart" time="0.001"/>
  <testcase classname="srinivasTestng.DependentMethods" name="purchase" time="0.003"/>
  <testcase classname="srinivasTestng.DependentMethods" name="closeBrowser" time="0.0"/>
</testsuite> <!-- My TestNG test -->
