<?xml version="1.0" encoding="UTF-8"?>
<testng-results ignored="0" total="3" passed="3" failed="0" skipped="0">
  <reporter-output>
  </reporter-output>
  <suite started-at="2023-07-03T20:31:20 EDT" name="Default suite" finished-at="2023-07-03T20:31:26 EDT" duration-ms="5982">
    <groups>
    </groups>
    <test started-at="2023-07-03T20:31:20 EDT" name="Default test" finished-at="2023-07-03T20:31:26 EDT" duration-ms="5982">
      <class name="srinivasTestng.TestAnnotationWithSel">
        <test-method signature="launchBrowser()[pri:1, instance:srinivasTestng.TestAnnotationWithSel@2c35e847]" started-at="2023-07-03T20:31:20 EDT" name="launchBrowser" finished-at="2023-07-03T20:31:22 EDT" duration-ms="2368" status="PASS">
          <reporter-output>
          </reporter-output>
        </test-method> <!-- launchBrowser -->
        <test-method signature="searchDress()[pri:3, instance:srinivasTestng.TestAnnotationWithSel@2c35e847]" started-at="2023-07-03T20:31:22 EDT" name="searchDress" finished-at="2023-07-03T20:31:26 EDT" duration-ms="3481" status="PASS">
          <reporter-output>
          </reporter-output>
        </test-method> <!-- searchDress -->
        <test-method signature="closeBrowser()[pri:5, instance:srinivasTestng.TestAnnotationWithSel@2c35e847]" started-at="2023-07-03T20:31:26 EDT" name="closeBrowser" finished-at="2023-07-03T20:31:26 EDT" duration-ms="108" status="PASS">
          <reporter-output>
          </reporter-output>
        </test-method> <!-- closeBrowser -->
      </class> <!-- srinivasTestng.TestAnnotationWithSel -->
    </test> <!-- Default test -->
  </suite> <!-- Default suite -->
</testng-results>
